This is pdfTeXk, Version 3.1415926-1.40.9 (Web2C 7.5.7) (format=pdflatex 2010.2.23)  27 AUG 2013 22:34
entering extended mode
\write18 enabled.
 file:line:error style messages enabled.
 %&-line parsing enabled.
**icse14
(./icse14.tex
LaTeX2e <2005/12/01>
Babel <v3.8l> and hyphenation patterns for english, usenglishmax, dumylang, noh
yphenation, german-x-2008-06-18, ngerman-x-2008-06-18, ancientgreek, ibycus, ar
abic, basque, bulgarian, catalan, pinyin, coptic, croatian, czech, danish, dutc
h, esperanto, estonian, farsi, finnish, french, galician, german, ngerman, mono
greek, greek, hungarian, icelandic, indonesian, interlingua, irish, italian, la
tin, lithuanian, mongolian, mongolian2a, bokmal, nynorsk, polish, portuguese, r
omanian, russian, sanskrit, serbian, slovak, slovenian, spanish, swedish, turki
sh, ukenglish, ukrainian, uppersorbian, welsh, loaded.
(./sig-alternate.cls
(/usr/local/texlive/2008/texmf-dist/tex/latex/graphics/epsfig.sty
Package: epsfig 1999/02/16 v1.7a (e)psfig emulation (SPQR)

(/usr/local/texlive/2008/texmf-dist/tex/latex/graphics/graphicx.sty
Package: graphicx 1999/02/16 v1.0f Enhanced LaTeX Graphics (DPC,SPQR)

(/usr/local/texlive/2008/texmf-dist/tex/latex/graphics/keyval.sty
Package: keyval 1999/03/16 v1.13 key=value parser (DPC)
\KV@toks@=\toks14
)
(/usr/local/texlive/2008/texmf-dist/tex/latex/graphics/graphics.sty
Package: graphics 2006/02/20 v1.0o Standard LaTeX Graphics (DPC,SPQR)

(/usr/local/texlive/2008/texmf-dist/tex/latex/graphics/trig.sty
Package: trig 1999/03/16 v1.09 sin cos tan (DPC)
)
(/usr/local/texlive/2008/texmf/tex/latex/config/graphics.cfg
File: graphics.cfg 2007/01/18 v1.5 graphics configuration of teTeX/TeXLive
)
Package graphics Info: Driver file: pdftex.def on input line 90.

(/usr/local/texlive/2008/texmf-dist/tex/latex/pdftex-def/pdftex.def
File: pdftex.def 2008/09/08 v0.04l Graphics/color for pdfTeX
\Gread@gobject=\count79
))
\Gin@req@height=\dimen102
\Gin@req@width=\dimen103
)
\epsfxsize=\dimen104
\epsfysize=\dimen105
)
(/usr/local/texlive/2008/texmf-dist/tex/latex/amsfonts/amssymb.sty
Package: amssymb 2002/01/22 v2.2d

(/usr/local/texlive/2008/texmf-dist/tex/latex/amsfonts/amsfonts.sty
Package: amsfonts 2001/10/25 v2.2f
\@emptytoks=\toks15
\symAMSa=\mathgroup4
\symAMSb=\mathgroup5
LaTeX Font Info:    Overwriting math alphabet `\mathfrak' in version `bold'
(Font)                  U/euf/m/n --> U/euf/b/n on input line 132.
))
(/usr/local/texlive/2008/texmf-dist/tex/latex/amsmath/amsmath.sty
Package: amsmath 2000/07/18 v2.13 AMS math features
\@mathmargin=\skip41

For additional information on amsmath, use the `?' option.
(/usr/local/texlive/2008/texmf-dist/tex/latex/amsmath/amstext.sty
Package: amstext 2000/06/29 v2.01

(/usr/local/texlive/2008/texmf-dist/tex/latex/amsmath/amsgen.sty
File: amsgen.sty 1999/11/30 v2.0
\@emptytoks=\toks16
\ex@=\dimen106
))
(/usr/local/texlive/2008/texmf-dist/tex/latex/amsmath/amsbsy.sty
Package: amsbsy 1999/11/29 v1.2d
\pmbraise@=\dimen107
)
(/usr/local/texlive/2008/texmf-dist/tex/latex/amsmath/amsopn.sty
Package: amsopn 1999/12/14 v2.01 operator names
)
\inf@bad=\count80
LaTeX Info: Redefining \frac on input line 211.
\uproot@=\count81
\leftroot@=\count82
LaTeX Info: Redefining \overline on input line 307.
\classnum@=\count83
\DOTSCASE@=\count84
LaTeX Info: Redefining \ldots on input line 379.
LaTeX Info: Redefining \dots on input line 382.
LaTeX Info: Redefining \cdots on input line 467.
\Mathstrutbox@=\box26
\strutbox@=\box27
\big@size=\dimen108
LaTeX Font Info:    Redeclaring font encoding OML on input line 567.
LaTeX Font Info:    Redeclaring font encoding OMS on input line 568.
\macc@depth=\count85
\c@MaxMatrixCols=\count86
\dotsspace@=\muskip10
\c@parentequation=\count87
\dspbrk@lvl=\count88
\tag@help=\toks17
\row@=\count89
\column@=\count90
\maxfields@=\count91
\andhelp@=\toks18
\eqnshift@=\dimen109
\alignsep@=\dimen110
\tagshift@=\dimen111
\tagwidth@=\dimen112
\totwidth@=\dimen113
\lineht@=\dimen114
\@envbody=\toks19
\multlinegap=\skip42
\multlinetaggap=\skip43
\mathdisplay@stack=\toks20
LaTeX Info: Redefining \[ on input line 2666.
LaTeX Info: Redefining \] on input line 2667.
)
Document Class 'sig-alternate' <23rd. May '12>. Modified by G.K.M. Tobin/Gerry 
Murray
Based in part upon document Style `acmconf' <22 May 89>. Hacked 4/91 by
shivers@cs.cmu.edu, 4/93 by theobald@cs.mcgill.ca
Excerpts were taken from (Journal Style) 'esub2acm.cls'.
****** Bugs/comments/suggestions/technicalities to Gerry Murray -- murray@hq.ac
m.org ******
Questions on the style, SIGS policies, etc. to Adrienne Griscti griscti@acm.org

\footheight=\dimen115
\@maxsep=\dimen116
\@dblmaxsep=\dimen117
\aucount=\count92
\originalaucount=\count93
\auwidth=\dimen118
\auskip=\dimen119
\auskipcount=\count94
\auskip=\dimen120
\allauboxes=\dimen121
\addauthors=\toks21
\addauflag=\count95
\subtitletext=\toks22
\savesection=\count96
\sectioncntr=\count97
\c@figure=\count98
\c@table=\count99
\titleboxnotes=\toks23
\titleboxnoteflag=\count100
Document Class: sig-alternate 2012/05/23 - V2.5 - based on acmproc.cls V1.3 <No
v. 30 '99>
(/usr/local/texlive/2008/texmf-dist/tex/latex/base/latexsym.sty
Package: latexsym 1998/08/17 v2.2e Standard LaTeX package (lasy symbols)
\symlasy=\mathgroup6
LaTeX Font Info:    Overwriting symbol font `lasy' in version `bold'
(Font)                  U/lasy/m/n --> U/lasy/b/n on input line 47.
)
\@acmtitlebox=\box28
\titlenotecount=\count101
\tntoks=\toks24
\tntokstwo=\toks25
\tntoksthree=\toks26
\tntoksfour=\toks27
\tntoksfive=\toks28
\catcount=\count102
\copyrightnotice=\toks29
\conf=\toks30
\confinfo=\toks31
\c@part=\count103
\c@section=\count104
\c@subsection=\count105
\c@subsubsection=\count106
\c@paragraph=\count107

Using 'Abbrev' bibliography style
LaTeX Info: Redefining \cite on input line 1211.
\bibindent=\dimen122
\colcntr=\count108
\saveb@x=\box29
\copyrtyr=\toks32
\acmcopyr=\toks33
\boilerplate=\toks34
\copyrightetc=\toks35
(/usr/local/texlive/2008/texmf-dist/tex/latex/base/fontenc.sty
Package: fontenc 2005/09/27 v1.99g Standard LaTeX package

(/usr/local/texlive/2008/texmf-dist/tex/latex/base/t1enc.def
File: t1enc.def 2005/09/27 v1.99g Standard LaTeX file
LaTeX Font Info:    Redeclaring font encoding T1 on input line 43.
)
LaTeX Font Info:    Try loading font information for T1+aer on input line 100.

(/usr/local/texlive/2008/texmf-dist/tex/latex/ae/t1aer.fd
File: t1aer.fd 1997/11/16 Font definitions for T1/aer.
)))
(/usr/local/texlive/2008/texmf-dist/tex/latex/ltxmisc/url.sty
\Urlmuskip=\muskip11
Package: url 2006/04/12  ver 3.3  Verb mode for urls, etc.
)
(/usr/local/texlive/2008/texmf-dist/tex/latex/oberdiek/epstopdf.sty
Package: epstopdf 2008/05/06 v1.7 Conversion with epstopdf on the fly (HO)

(/usr/local/texlive/2008/texmf-dist/tex/generic/oberdiek/infwarerr.sty
Package: infwarerr 2007/09/09 v1.2 Providing info/warning/message (HO)
)
(/usr/local/texlive/2008/texmf-dist/tex/latex/oberdiek/grfext.sty
Package: grfext 2007/09/30 v1.0 Managing graphics extensions (HO)
)
(/usr/local/texlive/2008/texmf-dist/tex/latex/oberdiek/kvoptions.sty
Package: kvoptions 2007/10/18 v3.0 Keyval support for LaTeX options (HO)
)
(/usr/local/texlive/2008/texmf-dist/tex/generic/oberdiek/pdftexcmds.sty
Package: pdftexcmds 2007/12/12 v0.3 LuaTeX support for pdfTeX utility functions
 (HO)
Package pdftexcmds Info: LuaTeX not detected on input line 139.
)
Package grfext Info: Graphics extension search list:
(grfext)             [.png,.pdf,.jpg,.mps,.jpeg,.jbig2,.jb2,.PNG,.PDF,.JPG,.JPE
G,.JBIG2,.JB2,.eps]
(grfext)             \AppendGraphicsExtensions on input line 323.
)
(/usr/local/texlive/2008/texmf-dist/tex/latex/graphics/color.sty
Package: color 2005/11/14 v1.0j Standard LaTeX Color (DPC)

(/usr/local/texlive/2008/texmf/tex/latex/config/color.cfg
File: color.cfg 2007/01/18 v1.5 color configuration of teTeX/TeXLive
)
Package color Info: Driver file: pdftex.def on input line 130.
)
(/usr/local/texlive/2008/texmf-dist/tex/latex/subfigure/subfigure.sty
Package: subfigure 2002/03/15 v2.1.5 subfigure package
\subfigtopskip=\skip44
\subfigcapskip=\skip45
\subfigcaptopadj=\dimen123
\subfigbottomskip=\skip46
\subfigcapmargin=\dimen124
\subfiglabelskip=\skip47
\c@subfigure=\count109
\c@lofdepth=\count110
\c@subtable=\count111
\c@lotdepth=\count112

****************************************
* Local config file subfigure.cfg used *
****************************************
(/usr/local/texlive/2008/texmf-dist/tex/latex/subfigure/subfigure.cfg)
\subfig@top=\skip48
\subfig@bottom=\skip49
)
(/usr/local/texlive/2008/texmf-dist/tex/latex/microtype/microtype.sty
Package: microtype 2008/11/11 v2.3c Micro-typography with pdfTeX (RS)
\MT@toks=\toks36
\MT@count=\count113
LaTeX Info: Redefining \lsstyle on input line 1585.
LaTeX Info: Redefining \lslig on input line 1585.
\MT@outer@space=\skip50
LaTeX Info: Redefining \textls on input line 1586.
\MT@outer@kern=\dimen125
LaTeX Info: Redefining \textmicrotypecontext on input line 2126.
Package microtype Info: Loading configuration file microtype.cfg.

(/usr/local/texlive/2008/texmf-dist/tex/latex/microtype/microtype.cfg
File: microtype.cfg 2008/11/11 v2.3c microtype main configuration file (RS)
))
(/usr/local/texlive/2008/texmf-dist/tex/latex/hyperref/hyperref.sty
Package: hyperref 2008/12/26 v6.78n Hypertext links for LaTeX

(/usr/local/texlive/2008/texmf-dist/tex/generic/oberdiek/ifpdf.sty
Package: ifpdf 2007/12/12 v1.6 Provides the ifpdf switch (HO)
Package ifpdf Info: pdfTeX in pdf mode detected.
)
(/usr/local/texlive/2008/texmf-dist/tex/generic/oberdiek/ifvtex.sty
Package: ifvtex 2008/11/04 v1.4 Switches for detecting VTeX and its modes (HO)
Package ifvtex Info: VTeX not detected.
)
(/usr/local/texlive/2008/texmf-dist/tex/generic/ifxetex/ifxetex.sty
Package: ifxetex 2008/09/18 v0.4 Provides ifxetex conditional
)
(/usr/local/texlive/2008/texmf-dist/tex/latex/oberdiek/hycolor.sty
Package: hycolor 2008/09/08 v1.4 Code for color options of hyperref/bookmark (H
O)

(/usr/local/texlive/2008/texmf-dist/tex/latex/oberdiek/xcolor-patch.sty
Package: xcolor-patch 2008/09/08 xcolor patch
))
\@linkdim=\dimen126
\Hy@linkcounter=\count114
\Hy@pagecounter=\count115

(/usr/local/texlive/2008/texmf-dist/tex/latex/hyperref/pd1enc.def
File: pd1enc.def 2008/12/26 v6.78n Hyperref: PDFDocEncoding definition (HO)
)
(/usr/local/texlive/2008/texmf-dist/tex/generic/oberdiek/etexcmds.sty
Package: etexcmds 2007/12/12 v1.2 Prefix for e-TeX command names (HO)
Package etexcmds Info: Could not find \expanded.
(etexcmds)             That can mean that you are not using pdfTeX 1.50 or
(etexcmds)             that some package has redefined \expanded.
(etexcmds)             In the latter case, load this package earlier.
)

Package hyperref Warning: Height of page (\paperheight) is invalid (0.0pt),
(hyperref)                using 11in.

(/usr/local/texlive/2008/texmf/tex/latex/config/hyperref.cfg
File: hyperref.cfg 2002/06/06 v1.2 hyperref configuration of TeXLive
)
Package hyperref Info: Hyper figures OFF on input line 2907.
Package hyperref Info: Link nesting OFF on input line 2912.
Package hyperref Info: Hyper index ON on input line 2915.
Package hyperref Info: Plain pages OFF on input line 2922.
Package hyperref Info: Backreferencing OFF on input line 2927.

Implicit mode ON; LaTeX internals redefined
Package hyperref Info: Bookmarks ON on input line 3117.
LaTeX Info: Redefining \url on input line 3354.
(/usr/local/texlive/2008/texmf-dist/tex/generic/oberdiek/bitset.sty
Package: bitset 2007/09/28 v1.0 Data type bit set (HO)

(/usr/local/texlive/2008/texmf-dist/tex/generic/oberdiek/intcalc.sty
Package: intcalc 2007/09/27 v1.1 Expandable integer calculations (HO)
)
(/usr/local/texlive/2008/texmf-dist/tex/generic/oberdiek/bigintcalc.sty
Package: bigintcalc 2007/11/11 v1.1 Expandable big integer calculations (HO)
))
(/usr/local/texlive/2008/texmf-dist/tex/generic/oberdiek/kvsetkeys.sty
Package: kvsetkeys 2007/09/29 v1.3 Key value parser with default handler suppor
t (HO)
)
\Fld@menulength=\count116
\Field@Width=\dimen127
\Fld@charsize=\dimen128
\Field@toks=\toks37
Package hyperref Info: Hyper figures OFF on input line 4271.
Package hyperref Info: Link nesting OFF on input line 4276.
Package hyperref Info: Hyper index ON on input line 4279.
Package hyperref Info: backreferencing OFF on input line 4286.
Package hyperref Info: Link coloring OFF on input line 4291.
Package hyperref Info: Link coloring with OCG OFF on input line 4296.
Package hyperref Info: PDF/A mode OFF on input line 4301.

(/usr/local/texlive/2008/texmf-dist/tex/generic/oberdiek/atbegshi.sty
Package: atbegshi 2008/07/31 v1.9 At begin shipout hook (HO)
)

Package hyperref Warning: Option `pdfpagelabels' is turned off
(hyperref)                because \thepage is undefined.

\c@Item=\count117
\c@Hfootnote=\count118
)
*hyperref using default driver hpdftex*
(/usr/local/texlive/2008/texmf-dist/tex/latex/hyperref/hpdftex.def
File: hpdftex.def 2008/12/26 v6.78n Hyperref driver for pdfTeX
\Fld@listcount=\count119
)
(./icse14.aux)
\openout1 = `icse14.aux'.

LaTeX Font Info:    Checking defaults for OML/cmm/m/it on input line 64.
LaTeX Font Info:    ... okay on input line 64.
LaTeX Font Info:    Checking defaults for T1/cmr/m/n on input line 64.
LaTeX Font Info:    ... okay on input line 64.
LaTeX Font Info:    Checking defaults for OT1/cmr/m/n on input line 64.
LaTeX Font Info:    ... okay on input line 64.
LaTeX Font Info:    Checking defaults for OMS/cmsy/m/n on input line 64.
LaTeX Font Info:    ... okay on input line 64.
LaTeX Font Info:    Checking defaults for OMX/cmex/m/n on input line 64.
LaTeX Font Info:    ... okay on input line 64.
LaTeX Font Info:    Checking defaults for U/cmr/m/n on input line 64.
LaTeX Font Info:    ... okay on input line 64.
LaTeX Font Info:    Checking defaults for PD1/pdf/m/n on input line 64.
LaTeX Font Info:    ... okay on input line 64.

(/usr/local/texlive/2008/texmf-dist/tex/context/base/supp-pdf.tex
[Loading MPS to PDF converter (version 2006.09.02).]
\scratchcounter=\count120
\scratchdimen=\dimen129
\scratchbox=\box30
\nofMPsegments=\count121
\nofMParguments=\count122
\everyMPshowfont=\toks38
\MPscratchCnt=\count123
\MPscratchDim=\dimen130
\MPnumerator=\count124
\everyMPtoPDFconversion=\toks39
)
LaTeX Info: Redefining \microtypecontext on input line 64.
Package microtype Info: Generating PDF output.
Package microtype Info: Character protrusion enabled (level 2).
Package microtype Info: Using default protrusion set `alltext'.
Package microtype Info: Automatic font expansion enabled (level 2),
(microtype)             stretch: 20, shrink: 20, step: 4, non-selected.
Package microtype Info: Using default expansion set `basictext'.
Package microtype Info: No tracking.
Package microtype Info: No adjustment of interword spacing.
Package microtype Info: No adjustment of character kerning.
 (/usr/local/texlive/2008/texmf-dist/tex/latex/microtype/mt-cmr.cfg
File: mt-cmr.cfg 2008/02/29 v1.9a microtype config. file: Computer Modern Roman
 (RS)
)
Package hyperref Info: Link coloring OFF on input line 64.

(/usr/local/texlive/2008/texmf-dist/tex/latex/hyperref/nameref.sty
Package: nameref 2007/05/29 v2.31 Cross-referencing by name of section

(/usr/local/texlive/2008/texmf-dist/tex/latex/oberdiek/refcount.sty
Package: refcount 2008/08/11 v3.1 Data extraction from references (HO)
)
\c@section@level=\count125
)
LaTeX Info: Redefining \ref on input line 64.
LaTeX Info: Redefining \pageref on input line 64.

(./icse14.out) (./icse14.out)
\@outlinefile=\write3
\openout3 = `icse14.out'.

\AtBeginShipoutBox=\box31
LaTeX Font Info:    Try loading font information for U+msa on input line 137.

(/usr/local/texlive/2008/texmf-dist/tex/latex/amsfonts/umsa.fd
File: umsa.fd 2002/01/19 v2.2g AMS font definitions
)
(/usr/local/texlive/2008/texmf-dist/tex/latex/microtype/mt-msa.cfg
File: mt-msa.cfg 2006/02/04 v1.1 microtype config. file: AMS symbols (a) (RS)
)
LaTeX Font Info:    Try loading font information for U+msb on input line 137.

(/usr/local/texlive/2008/texmf-dist/tex/latex/amsfonts/umsb.fd
File: umsb.fd 2002/01/19 v2.2g AMS font definitions
)
(/usr/local/texlive/2008/texmf-dist/tex/latex/microtype/mt-msb.cfg
File: mt-msb.cfg 2005/06/01 v1.0 microtype config. file: AMS symbols (b) (RS)
)
LaTeX Font Info:    Try loading font information for U+lasy on input line 137.

(/usr/local/texlive/2008/texmf-dist/tex/latex/base/ulasy.fd
File: ulasy.fd 1998/08/17 v2.2e LaTeX symbol font definitions
)
(./sections/introduction.tex
Underfull \vbox (badness 10000) has occurred while \output is active []

 [1{/usr/local/texlive/2008/texmf-var/fonts/map/pdftex/updmap/pdftex.map}


]
Overfull \hbox (4.01012pt too wide) in paragraph at lines 22--23
\T1/aer/m/n/9 (-20) and a com-plete im-ple-men-ta-tion of the con-cept in Emerg
o,
 []

) (./sections/motivating.tex
Overfull \hbox (8.8175pt too wide) in paragraph at lines 3--3
[]\secfnt MAINTAINING PREPROCESSOR-BASED
 []

LaTeX Font Info:    Try loading font information for T1+aett on input line 17.
(/usr/local/texlive/2008/texmf-dist/tex/latex/ae/t1aett.fd
File: t1aett.fd 1997/11/16 Font definitions for T1/aett.
)
Overfull \hbox (1.84258pt too wide) in paragraph at lines 19--20
\T1/aer/m/n/9 (-20) il-lus-trated in Fig-ure []1[]: vari-able \T1/aett/m/n/9 to
-talScore \T1/aer/m/n/9 (-20) stores the player's
 []

<images/Arena-Example.pdf, id=151, 558.085pt x 193.72375pt>
File: images/Arena-Example.pdf Graphic file (type pdf)

<use images/Arena-Example.pdf>
Overfull \hbox (12.0pt too wide) in paragraph at lines 22--23
 [][] 
 []

pdfTeX warning (ext4): destination with the same identifier (name{page.}) has b
een already used, duplicate ignored
<to be read again> 
                   \relax 
l.48 
      [2 <./images/Arena-Example.pdf>]
<images/GFileStatus-Example.pdf, id=212, 423.5825pt x 175.65625pt>
File: images/GFileStatus-Example.pdf Graphic file (type pdf)

<use images/GFileStatus-Example.pdf>) (./sections/emergent.texpdfTeX warning (e
xt4): destination with the same identifier (name{page.}) has been already used,
 duplicate ignored
<to be read again> 
                   \relax 
l.16 
      [3 <./images/GFileStatus-Example.pdf>]
Overfull \hbox (4.33545pt too wide) in paragraph at lines 17--18
\T1/aer/m/it/9 (-20) ``$\OML/cmm/m/it/9 (-20) IP[]$ \T1/aer/m/it/9 (-20) re-qui
res $\OML/cmm/m/it/9 (-20) MP[]$\T1/aer/m/it/9 (-20) " emerg-ing only if $\OML/
cmm/m/it/9 (-20) FE\OT1/cmr/m/n/9 (-20) (\OML/cmm/m/it/9 (-20) MP[]\OT1/cmr/m/n
/9 (-20) ) \OMS/cmsy/m/n/9 (-20) 6^^Q \OML/cmm/m/it/9 (-20) FE\OT1/cmr/m/n/9 (-
20) (\OML/cmm/m/it/9 (-20) IP[]\OT1/cmr/m/n/9 (-20) )$ \T1/aer/m/it/9 (-20) and

 []


Underfull \vbox (badness 10000) has occurred while \output is active []


<images/EIs.pdf, id=341, 793.96625pt x 279.0425pt>
File: images/EIs.pdf Graphic file (type pdf)
 <use images/EIs.pdf>
Underfull \vbox (badness 1558) has occurred while \output is active []

pdfTeX warning (ext4): destination with the same identifier (name{page.}) has b
een already used, duplicate ignored
<to be read again> 
                   \relax 
l.87 
      [4] <images/Emergo.pdf, id=354, 1132.23pt x 624.3325pt>
File: images/Emergo.pdf Graphic file (type pdf)

<use images/Emergo.pdf>
Underfull \vbox (badness 10000) has occurred while \output is active []

)
(./sections/settings.texpdfTeX warning (ext4): destination with the same identi
fier (name{page.}) has been already used, duplicate ignored
<to be read again> 
                   \relax 
l.8 
     [5 <./images/EIs.pdf>]
Overfull \hbox (6.42499pt too wide) in paragraph at lines 11--12
[]\T1/aer/m/n/9 (-20) Our eval-u-a-tion aims to com-pare main-te-nance of prepr
ocessor-
 []

<images/Workflow-Time.pdf, id=607, 294.09875pt x 245.91875pt>
File: images/Workflow-Time.pdf Graphic file (type pdf)

<use images/Workflow-Time.pdf>
Underfull \vbox (badness 1286) has occurred while \output is active []

pdfTeX warning (ext4): destination with the same identifier (name{page.}) has b
een already used, duplicate ignored
<to be read again> 
                   \relax 
l.40 
      [6 <./images/Emergo.pdf> <./images/Workflow-Time.pdf>]
Underfull \hbox (badness 10000) in paragraph at lines 88--88
[][][]\T1/aer/m/n/9 (+20) See []$\T1/aett/m/n/9 https : / / bugzilla . gnome . 
org / show _ bug . cgi ? id =
 []


Underfull \hbox (badness 10000) in paragraph at lines 88--88
\T1/aett/m/n/9 401580$[]\T1/aer/m/n/9 (+20) , []$\T1/aett/m/n/9 https : / / bug
zilla . kernel . org / show _ bug . cgi ?
 []

pdfTeX warning (ext4): destination with the same identifier (name{page.}) has b
een already used, duplicate ignored
<to be read again> 
                   \relax 
l.123 
       [7] <images/Latin-squares.pdf, id=727, 492.84125pt x 147.55125pt>
File: images/Latin-squares.pdf Graphic file (type pdf)

<use images/Latin-squares.pdf>
Overfull \hbox (1.91785pt too wide) in paragraph at lines 127--128
 [][] 
 []

<images/Maintenance-Tasks.pdf, id=732, 685.56125pt x 276.03125pt>
File: images/Maintenance-Tasks.pdf Graphic file (type pdf)

<use images/Maintenance-Tasks.pdf>pdfTeX warning (ext4): destination with the s
ame identifier (name{page.}) has been already used, duplicate ignored
<to be read again> 
                   \relax 
l.186 
       [8 <./images/Latin-squares.pdf> <./images/Maintenance-Tasks.pdf>])
(./sections/results.tex <images/Beanplots-NR.pdf, id=916, 578.16pt x 289.08pt>
File: images/Beanplots-NR.pdf Graphic file (type pdf)

<use images/Beanplots-NR.pdf>
Overfull \hbox (12.0pt too wide) in paragraph at lines 15--16
 [][] 
 []


Overfull \hbox (2.73267pt too wide) in paragraph at lines 20--21
[]\T1/aer/m/n/9 (-20) In Fig-ure []9[], we plot the NE re-sults for both new-re
quirement
 []

<images/Barplot-NE.pdf, id=918, 578.16pt x 289.08pt>
File: images/Barplot-NE.pdf Graphic file (type pdf)

<use images/Barplot-NE.pdf>
Overfull \hbox (12.0pt too wide) in paragraph at lines 24--25
 [][] 
 []

<images/Beanplots-UV.pdf, id=921, 578.16pt x 289.08pt>
File: images/Beanplots-UV.pdf Graphic file (type pdf)

<use images/Beanplots-UV.pdf>
Overfull \hbox (12.0pt too wide) in paragraph at lines 62--63
 [][] 
 []


Underfull \vbox (badness 3838) has occurred while \output is active []

pdfTeX warning (ext4): destination with the same identifier (name{page.}) has b
een already used, duplicate ignored
<to be read again> 
                   \relax 
l.72 
      [9 <./images/Beanplots-NR.pdf> <./images/Barplot-NE.pdf>]
<images/Barplot-NE2.pdf, id=943, 496.85625pt x 170.6375pt>
File: images/Barplot-NE2.pdf Graphic file (type pdf)

<use images/Barplot-NE2.pdf>
Overfull \hbox (12.0pt too wide) in paragraph at lines 75--76
 [][] 
 []


LaTeX Warning: Reference `fig:emergo-alternative' on page \thepage  undefined o
n input line 125.


Underfull \vbox (badness 10000) has occurred while \output is active []

pdfTeX warning (ext4): destination with the same identifier (name{page.}) has b
een already used, duplicate ignored
<to be read again> 
                   \relax 
l.126 
       [10 <./images/Beanplots-UV.pdf> <./images/Barplot-NE2.pdf>]
Underfull \hbox (badness 10000) in paragraph at lines 132--132
[][][]\T1/aer/m/n/9 (+20) See []$\T1/aett/m/n/9 https : / / bugzilla . gnome . 
org / show _ bug . cgi ? id =
 []

) (./sections/related.texpdfTeX warning (ext4): destination with the same ident
ifier (name{page.}) has been already used, duplicate ignored
<to be read again> 
                   \relax 
l.23 
      [11]
Underfull \vbox (badness 10000) has occurred while \output is active []

)
(./sections/concluding.tex) (./icse14.bblpdfTeX warning (ext4): destination wit
h the same identifier (name{page.}) has been already used, duplicate ignored
<to be read again> 
                   \relax 
l.42 
      [12]
Underfull \vbox (badness 10000) has occurred while \output is active []


Underfull \vbox (badness 10000) has occurred while \output is active []

pdfTeX warning (ext4): destination with the same identifier (name{page.}) has b
een already used, duplicate ignored
<to be read again> 
                   \relax 
l.218 
       [13]
Underfull \vbox (badness 10000) has occurred while \output is active []

)
Overfull \hbox (38.97827pt too wide) in paragraph at lines 202--214
 [] 
 []


Overfull \hbox (37.70915pt too wide) in paragraph at lines 222--234
 [] 
 []


Overfull \hbox (24.02094pt too wide) in paragraph at lines 242--254
 [] 
 []


Overfull \hbox (34.60431pt too wide) in paragraph at lines 262--274
 [] 
 []


LaTeX Warning: `h' float specifier changed to `ht'.

pdfTeX warning (ext4): destination with the same identifier (name{page.}) has b
een already used, duplicate ignored
<to be read again> 
                   \relax 
l.279 \end{document}
                     [14]pdfTeX warning (ext4): destination with the same ident
ifier (name{page.}) has been already used, duplicate ignored
<to be read again> 
                   \relax 
l.279 \end{document}
                     [15

] (./icse14.aux)

LaTeX Warning: There were undefined references.

 ) 
Here is how much of TeX's memory you used:
 7389 strings out of 493876
 109422 string characters out of 1150568
 213439 words of memory out of 3000000
 10202 multiletter control sequences out of 10000+50000
 69158 words of font info for 209 fonts, out of 3000000 for 5000
 714 hyphenation exceptions out of 8191
 39i,11n,37p,1721b,391s stack positions out of 5000i,500n,10000p,200000b,50000s
{/usr/local/texlive/2008/texmf-dist/fonts/enc/dvips/base/8r.enc}</usr/local/t
exlive/2008/texmf-dist/fonts/type1/bluesky/cm/cmbx9.pfb></usr/local/texlive/200
8/texmf-dist/fonts/type1/bluesky/cm/cmbxti10.pfb></usr/local/texlive/2008/texmf
-dist/fonts/type1/bluesky/cm/cmmi6.pfb></usr/local/texlive/2008/texmf-dist/font
s/type1/bluesky/cm/cmmi9.pfb></usr/local/texlive/2008/texmf-dist/fonts/type1/bl
uesky/cm/cmr6.pfb></usr/local/texlive/2008/texmf-dist/fonts/type1/bluesky/cm/cm
r9.pfb></usr/local/texlive/2008/texmf-dist/fonts/type1/bluesky/cm/cmsy9.pfb></u
sr/local/texlive/2008/texmf-dist/fonts/type1/bluesky/cm/cmti9.pfb></usr/local/t
exlive/2008/texmf-dist/fonts/type1/bluesky/cm/cmtt9.pfb></usr/local/texlive/200
8/texmf-dist/fonts/type1/urw/helvetic/uhvb8a.pfb></usr/local/texlive/2008/texmf
-dist/fonts/type1/urw/helvetic/uhvr8a.pfb></usr/local/texlive/2008/texmf-dist/f
onts/type1/urw/times/utmb8a.pfb></usr/local/texlive/2008/texmf-dist/fonts/type1
/urw/times/utmr8a.pfb></usr/local/texlive/2008/texmf-dist/fonts/type1/urw/times
/utmri8a.pfb>
Output written on icse14.pdf (15 pages, 1438798 bytes).
PDF statistics:
 1146 PDF objects out of 1200 (max. 8388607)
 110 named destinations out of 1000 (max. 131072)
 21788 words of extra memory for PDF output out of 24883 (max. 10000000)

